<?xml version="1.0" encoding="UTF-8"?>
<!-- Generated by org.testng.reporters.JUnitXMLReporter -->
<testsuite ignored="3" hostname="DESKTOP-ENRTSMA" failures="1" tests="1" name="Functional test for saucedemo" time="9.602" errors="0" timestamp="2023-11-25T13:55:03 IST">
  <testcase classname="saucedemo.tests.ProductDetailsPageTest" name="testToVerifyProductListPageIsDisplayedonClickingBackToProductsLink" time="1.118">
    <failure type="java.lang.AssertionError" message="The following asserts failed:
	expected [Products.] but found [Products],
	expected [Back to products.] but found [Back to products]">
      <![CDATA[java.lang.AssertionError: The following asserts failed:
expected [Products.] but found [Products],
expected [Back to products.] but found [Back to products]
at saucedemo.tests.ProductDetailsPageTest.testToVerifyProductListPageIsDisplayedonClickingBackToProductsLink(ProductDetailsPageTest.java:52)
at java.base/java.util.ArrayList.forEach(ArrayList.java:1511)
... Removed 33 stack frames]]>
    </failure>
  </testcase> <!-- testToVerifyProductListPageIsDisplayedonClickingBackToProductsLink -->
  <testcase classname="saucedemo.tests.ProductDetailsPageTest" name="testToVerifyProductDescriptionOnProductDetailsPage" time="0.0">
    <ignored/>
  </testcase> <!-- testToVerifyProductDescriptionOnProductDetailsPage -->
  <testcase classname="saucedemo.tests.ProductDetailsPageTest" name="testToVerifyProductNameOnProductDetailsPage" time="0.0">
    <ignored/>
  </testcase> <!-- testToVerifyProductNameOnProductDetailsPage -->
  <testcase classname="saucedemo.tests.ProductDetailsPageTest" name="testToVerifyProductPriceOnProductDetailsPage" time="0.0">
    <ignored/>
  </testcase> <!-- testToVerifyProductPriceOnProductDetailsPage -->
</testsuite> <!-- Functional test for saucedemo -->
