<?xml version="1.0" encoding="UTF-8"?>
<!-- Generated by org.testng.reporters.JUnitXMLReporter -->
<testsuite ignored="4" hostname="DESKTOP-ENRTSMA" failures="0" tests="1" name="Default test" time="0.059" errors="0" timestamp="25 Nov 2023 12:47:28 GMT">
  <testcase classname="saucedemo.base.BaseTest" name="@BeforeMethod setup" time="0.0">
    <failure type="org.testng.TestNGException" message="
Parameter &amp;apos;browser&amp;apos; is required by BeforeMethod on method setup but has not been marked @Optional or defined
in C:\Users\AMUL\AppData\Local\Temp\testng-eclipse--386892079\testng-customsuite.xml">
      <![CDATA[org.testng.TestNGException: 
Parameter 'browser' is required by BeforeMethod on method setup but has not been marked @Optional or defined
in C:\Users\AMUL\AppData\Local\Temp\testng-eclipse--386892079\testng-customsuite.xml
	at org.testng.internal.Parameters.createParameters(Parameters.java:199)
	at org.testng.internal.Parameters.createParameters(Parameters.java:443)
	at org.testng.internal.Parameters.createConfigurationParameters(Parameters.java:118)
	at org.testng.internal.Invoker.invokeConfigurations(Invoker.java:206)
	at org.testng.internal.Invoker.invokeMethod(Invoker.java:599)
	at org.testng.internal.Invoker.invokeTestMethod(Invoker.java:869)
	at org.testng.internal.Invoker.invokeTestMethods(Invoker.java:1193)
	at org.testng.internal.TestMethodWorker.invokeTestMethods(TestMethodWorker.java:126)
	at org.testng.internal.TestMethodWorker.run(TestMethodWorker.java:109)
	at org.testng.TestRunner.privateRun(TestRunner.java:744)
	at org.testng.TestRunner.run(TestRunner.java:602)
	at org.testng.SuiteRunner.runTest(SuiteRunner.java:380)
	at org.testng.SuiteRunner.runSequentially(SuiteRunner.java:375)
	at org.testng.SuiteRunner.privateRun(SuiteRunner.java:340)
	at org.testng.SuiteRunner.run(SuiteRunner.java:289)
	at org.testng.SuiteRunnerWorker.runSuite(SuiteRunnerWorker.java:52)
	at org.testng.SuiteRunnerWorker.run(SuiteRunnerWorker.java:86)
	at org.testng.TestNG.runSuitesSequentially(TestNG.java:1301)
	at org.testng.TestNG.runSuitesLocally(TestNG.java:1226)
	at org.testng.TestNG.runSuites(TestNG.java:1144)
	at org.testng.TestNG.run(TestNG.java:1115)
	at org.testng.remote.AbstractRemoteTestNG.run(AbstractRemoteTestNG.java:115)
	at org.testng.remote.RemoteTestNG.initAndRun(RemoteTestNG.java:251)
	at org.testng.remote.RemoteTestNG.main(RemoteTestNG.java:77)
]]>
    </failure>
  </testcase> <!-- @BeforeMethod setup -->
  <testcase classname="saucedemo.tests.ProductDetailsPageTest" name="testToVerifyProductListPageIsDisplayedonClickingBackToProductsLink" time="0.002">
    <skipped/>
  </testcase> <!-- testToVerifyProductListPageIsDisplayedonClickingBackToProductsLink -->
  <testcase classname="saucedemo.tests.ProductDetailsPageTest" name="testToVerifyProductNameOnProductDetailsPage" time="0.0">
    <ignored/>
  </testcase> <!-- testToVerifyProductNameOnProductDetailsPage -->
  <testcase classname="saucedemo.tests.ProductDetailsPageTest" name="testToVerifyProductDescriptionOnProductDetailsPage" time="0.0">
    <ignored/>
  </testcase> <!-- testToVerifyProductDescriptionOnProductDetailsPage -->
  <testcase classname="saucedemo.tests.ProductDetailsPageTest" name="testToVerifyProductPriceOnProductDetailsPage" time="0.0">
    <ignored/>
  </testcase> <!-- testToVerifyProductPriceOnProductDetailsPage -->
  <testcase classname="saucedemo.tests.ProductDetailsPageTest" name="testToVerifyProductListPageIsDisplayedonClickingBackToProductsLink_UsingHardAssert" time="0.0">
    <ignored/>
  </testcase> <!-- testToVerifyProductListPageIsDisplayedonClickingBackToProductsLink_UsingHardAssert -->
</testsuite> <!-- Default test -->
