<?xml version="1.0" encoding="UTF-8"?>
<testng-results ignored="0" total="1" passed="0" failed="1" skipped="0">
  <reporter-output>
  </reporter-output>
  <suite started-at="2023-11-25T13:54:53 IST" name="Saucedemo Automation Suite" finished-at="2023-11-25T13:55:03 IST" duration-ms="9602">
    <groups>
      <group name="Regression">
        <method signature="ProductDetailsPageTest.testToVerifyProductListPageIsDisplayedonClickingBackToProductsLink()[pri:4, instance:saucedemo.tests.ProductDetailsPageTest@1e1a0406]" name="testToVerifyProductListPageIsDisplayedonClickingBackToProductsLink" class="saucedemo.tests.ProductDetailsPageTest"/>
      </group> <!-- Regression -->
    </groups>
    <test started-at="2023-11-25T13:54:53 IST" name="Functional test for saucedemo" finished-at="2023-11-25T13:55:03 IST" duration-ms="9602">
      <class name="saucedemo.tests.ProductDetailsPageTest">
        <test-method is-config="true" signature="setup(java.lang.String)[pri:0, instance:saucedemo.tests.ProductDetailsPageTest@1e1a0406]" started-at="2023-11-25T13:54:53 IST" name="setup" finished-at="2023-11-25T13:55:01 IST" duration-ms="7438" status="PASS">
          <params>
            <param index="0">
              <value>
                <![CDATA[Chrome]]>
              </value>
            </param>
          </params>
          <reporter-output>
          </reporter-output>
        </test-method> <!-- setup -->
        <test-method signature="testToVerifyProductListPageIsDisplayedonClickingBackToProductsLink()[pri:4, instance:saucedemo.tests.ProductDetailsPageTest@1e1a0406]" started-at="2023-11-25T13:55:01 IST" name="testToVerifyProductListPageIsDisplayedonClickingBackToProductsLink" finished-at="2023-11-25T13:55:02 IST" duration-ms="1118" status="FAIL">
          <exception class="java.lang.AssertionError">
            <message>
              <![CDATA[The following asserts failed:
expected [Products.] but found [Products],
expected [Back to products.] but found [Back to products]]]>
            </message>
            <full-stacktrace>
              <![CDATA[java.lang.AssertionError: The following asserts failed:
expected [Products.] but found [Products],
expected [Back to products.] but found [Back to products]
at org.testng.asserts.SoftAssert.assertAll(SoftAssert.java:46)
at org.testng.asserts.SoftAssert.assertAll(SoftAssert.java:30)
at saucedemo.tests.ProductDetailsPageTest.testToVerifyProductListPageIsDisplayedonClickingBackToProductsLink(ProductDetailsPageTest.java:52)
at java.base/jdk.internal.reflect.NativeMethodAccessorImpl.invoke0(Native Method)
at java.base/jdk.internal.reflect.NativeMethodAccessorImpl.invoke(NativeMethodAccessorImpl.java:77)
at java.base/jdk.internal.reflect.DelegatingMethodAccessorImpl.invoke(DelegatingMethodAccessorImpl.java:43)
at java.base/java.lang.reflect.Method.invoke(Method.java:568)
at org.testng.internal.invokers.MethodInvocationHelper.invokeMethod(MethodInvocationHelper.java:139)
at org.testng.internal.invokers.TestInvoker.invokeMethod(TestInvoker.java:664)
at org.testng.internal.invokers.TestInvoker.invokeTestMethod(TestInvoker.java:227)
at org.testng.internal.invokers.MethodRunner.runInSequence(MethodRunner.java:50)
at org.testng.internal.invokers.TestInvoker$MethodInvocationAgent.invoke(TestInvoker.java:957)
at org.testng.internal.invokers.TestInvoker.invokeTestMethods(TestInvoker.java:200)
at org.testng.internal.invokers.TestMethodWorker.invokeTestMethods(TestMethodWorker.java:148)
at org.testng.internal.invokers.TestMethodWorker.run(TestMethodWorker.java:128)
at java.base/java.util.ArrayList.forEach(ArrayList.java:1511)
at org.testng.TestRunner.privateRun(TestRunner.java:848)
at org.testng.TestRunner.run(TestRunner.java:621)
at org.testng.SuiteRunner.runTest(SuiteRunner.java:443)
at org.testng.SuiteRunner.runSequentially(SuiteRunner.java:437)
at org.testng.SuiteRunner.privateRun(SuiteRunner.java:397)
at org.testng.SuiteRunner.run(SuiteRunner.java:336)
at org.testng.SuiteRunnerWorker.runSuite(SuiteRunnerWorker.java:52)
at org.testng.SuiteRunnerWorker.run(SuiteRunnerWorker.java:95)
at org.testng.TestNG.runSuitesSequentially(TestNG.java:1280)
at org.testng.TestNG.runSuitesLocally(TestNG.java:1200)
at org.testng.TestNG.runSuites(TestNG.java:1114)
at org.testng.TestNG.run(TestNG.java:1082)
at org.apache.maven.surefire.testng.TestNGExecutor.run(TestNGExecutor.java:308)
at org.apache.maven.surefire.testng.TestNGXmlTestSuite.execute(TestNGXmlTestSuite.java:71)
at org.apache.maven.surefire.testng.TestNGProvider.invoke(TestNGProvider.java:113)
at org.apache.maven.surefire.booter.ForkedBooter.runSuitesInProcess(ForkedBooter.java:385)
at org.apache.maven.surefire.booter.ForkedBooter.execute(ForkedBooter.java:162)
at org.apache.maven.surefire.booter.ForkedBooter.run(ForkedBooter.java:507)
at org.apache.maven.surefire.booter.ForkedBooter.main(ForkedBooter.java:495)
]]>
            </full-stacktrace>
          </exception> <!-- java.lang.AssertionError -->
          <reporter-output>
          </reporter-output>
        </test-method> <!-- testToVerifyProductListPageIsDisplayedonClickingBackToProductsLink -->
        <test-method is-config="true" signature="tearDown(org.testng.ITestResult)[pri:0, instance:saucedemo.tests.ProductDetailsPageTest@1e1a0406]" started-at="2023-11-25T13:55:02 IST" name="tearDown" finished-at="2023-11-25T13:55:03 IST" duration-ms="959" status="PASS">
          <params>
            <param index="0">
              <value>
                <![CDATA[[TestResult name=testToVerifyProductListPageIsDisplayedonClickingBackToProductsLink status=FAILURE method=ProductDetailsPageTest.testToVerifyProductListPageIsDisplayedonClickingBackToProductsLink()[pri:4, instance:saucedemo.tests.ProductDetailsPageTest@1e1a0406] output={null}]]]>
              </value>
            </param>
          </params>
          <reporter-output>
          </reporter-output>
        </test-method> <!-- tearDown -->
      </class> <!-- saucedemo.tests.ProductDetailsPageTest -->
    </test> <!-- Functional test for saucedemo -->
  </suite> <!-- Saucedemo Automation Suite -->
</testng-results>
